<?xml version="1.0" encoding="UTF-8"?>
<!-- Generated by org.testng.reporters.JUnitReportReporter -->
<testsuite hostname="PU-VGUPTA" name="TestClass1" tests="4" failures="0" timestamp="13 Apr 2020 13:21:39 GMT" time="0.009" errors="0">
  <testcase name="test3" time="0.000" classname="TestClass1"/>
  <testcase name="test4" time="0.000" classname="TestClass1"/>
  <testcase name="test1" time="0.009" classname="TestClass1"/>
  <testcase name="test2" time="0.000" classname="TestClass1"/>
</testsuite> <!-- TestClass1 -->
